<?xml version="1.0" encoding="utf-8"?><testsuites xmlns:a="http://microsoft.com/schemas/VisualStudio/TeamTest/2006" xmlns:b="http://microsoft.com/schemas/VisualStudio/TeamTest/2010"><testsuite name="MSTestSuite" tests="15" time="0" failures="0" errors="0" skipped="0"><testcase classname="Cumulocity.AspNetCore.Authentication.Basic.Tests.BasicAuthenticationExtensionsTests" name="Cumulocity.AspNetCore.Authentication.Basic.Tests.BasicAuthenticationExtensionsTests.AddBasicAuthentication_VerifyAuthenticationSchemeAndDisplayNameOnGenericOverloadAreOverriden" time="0.079" /><testcase classname="Cumulocity.AspNetCore.Authentication.Basic.Tests.BasicAuthenticationExtensionsTests" name="Cumulocity.AspNetCore.Authentication.Basic.Tests.BasicAuthenticationExtensionsTests.AddBasicAuthentication_VerifyDefaultValuesOnFirstGenericOverload" time="0.004" /><testcase classname="Cumulocity.AspNetCore.Authentication.Basic.Tests.BasicAuthenticationExtensionsTests" name="Cumulocity.AspNetCore.Authentication.Basic.Tests.BasicAuthenticationExtensionsTests.AddBasicAuthentication_GenericOverloadDoesntOverrideRegistration" time="0.007" /><testcase classname="Cumulocity.AspNetCore.Authentication.Basic.Tests.BasicAuthenticationExtensionsTests" name="Cumulocity.AspNetCore.Authentication.Basic.Tests.BasicAuthenticationExtensionsTests.AddBasicAuthentication_VerifyAuthenticationSchemeOnFuncOverloadIsOverriden" time="0.003" /><testcase classname="Cumulocity.AspNetCore.Authentication.Basic.Tests.BasicAuthenticationExtensionsTests" name="Cumulocity.AspNetCore.Authentication.Basic.Tests.BasicAuthenticationExtensionsTests.AddBasicAuthentication_VerifyDefaultValuesOnSecondGenericOverload" time="0.001" /><testcase classname="Cumulocity.AspNetCore.Authentication.Basic.Tests.BasicAuthenticationExtensionsTests" name="Cumulocity.AspNetCore.Authentication.Basic.Tests.BasicAuthenticationExtensionsTests.AddBasicAuthentication_VerifyAuthenticationSchemeAndDisplayNameOnFuncOverloadAreOverriden" time="0.001" /><testcase classname="Cumulocity.AspNetCore.Authentication.Basic.Tests.BasicAuthenticationExtensionsTests" name="Cumulocity.AspNetCore.Authentication.Basic.Tests.BasicAuthenticationExtensionsTests.AddBasicAuthentication_VerifyDefaultValuesOnSecondFuncOverload" time="0.001" /><testcase classname="Cumulocity.AspNetCore.Authentication.Basic.Tests.BasicAuthenticationExtensionsTests" name="Cumulocity.AspNetCore.Authentication.Basic.Tests.BasicAuthenticationExtensionsTests.AddBasicAuthentication_VerifyDefaultValuesOnFirstFuncOverload" time="0.003" /><testcase classname="Cumulocity.AspNetCore.Authentication.Basic.Tests.BasicAuthenticationExtensionsTests" name="Cumulocity.AspNetCore.Authentication.Basic.Tests.BasicAuthenticationExtensionsTests.AddBasicAuthentication_VerifyAuthenticationSchemeOnGenericOverloadIsOverriden" time="0.002" /><testcase classname="Cumulocity.AspNetCore.Authentication.Basic.Tests.BasicAuthenticationHandlerTests" name="Cumulocity.AspNetCore.Authentication.Basic.Tests.BasicAuthenticationHandlerTests.NoAuthorizeOnRequestReturnsChallenge(expectedRealm: &quot;AnotherRealm&quot;)" time="0.432" /><testcase classname="Cumulocity.AspNetCore.Authentication.Basic.Tests.BasicAuthenticationHandlerTests" name="Cumulocity.AspNetCore.Authentication.Basic.Tests.BasicAuthenticationHandlerTests.NoAuthorizeOnRequestReturnsChallenge(expectedRealm: &quot;&quot;)" time="0.005" /><testcase classname="Cumulocity.AspNetCore.Authentication.Basic.Tests.BasicAuthenticationHandlerTests" name="Cumulocity.AspNetCore.Authentication.Basic.Tests.BasicAuthenticationHandlerTests.NoAuthorizeOnRequestReturnsChallenge(expectedRealm: &quot;SomeRealm&quot;)" time="0.003" /><testcase classname="Cumulocity.AspNetCore.Authentication.Basic.Tests.BasicAuthenticationHandlerTests" name="Cumulocity.AspNetCore.Authentication.Basic.Tests.BasicAuthenticationHandlerTests.NoAuthorizeOnRequestReturnsChallenge(expectedRealm: null)" time="0.003" /><testcase classname="Cumulocity.AspNetCore.Authentication.Basic.Tests.BasicAuthenticationHandlerTests" name="Cumulocity.AspNetCore.Authentication.Basic.Tests.BasicAuthenticationHandlerTests.ValidCredentialsAuthorize" time="0.348" /><testcase classname="Cumulocity.AspNetCore.Authentication.Basic.Tests.BasicAuthenticationHandlerTests" name="Cumulocity.AspNetCore.Authentication.Basic.Tests.BasicAuthenticationHandlerTests.DefaultTestBedRejectsCredentials" time="0.005" /></testsuite></testsuites>