<?xml version="1.0" encoding="utf-8"?><testsuites xmlns:a="http://microsoft.com/schemas/VisualStudio/TeamTest/2006" xmlns:b="http://microsoft.com/schemas/VisualStudio/TeamTest/2010"><testsuite name="MSTestSuite" tests="15" time="0" failures="1" errors="0" skipped="0"><testcase classname="Cumulocity.AspNetCore.Authentication.Basic.Tests.BasicAuthenticationExtensionsTests" name="Cumulocity.AspNetCore.Authentication.Basic.Tests.BasicAuthenticationExtensionsTests.AddBasicAuthentication_VerifyAuthenticationSchemeAndDisplayNameOnGenericOverloadAreOverriden" time="0.082" /><testcase classname="Cumulocity.AspNetCore.Authentication.Basic.Tests.BasicAuthenticationExtensionsTests" name="Cumulocity.AspNetCore.Authentication.Basic.Tests.BasicAuthenticationExtensionsTests.AddBasicAuthentication_VerifyDefaultValuesOnFirstGenericOverload" time="0.003" /><testcase classname="Cumulocity.AspNetCore.Authentication.Basic.Tests.BasicAuthenticationExtensionsTests" name="Cumulocity.AspNetCore.Authentication.Basic.Tests.BasicAuthenticationExtensionsTests.AddBasicAuthentication_GenericOverloadDoesntOverrideRegistration" time="0.006" /><testcase classname="Cumulocity.AspNetCore.Authentication.Basic.Tests.BasicAuthenticationExtensionsTests" name="Cumulocity.AspNetCore.Authentication.Basic.Tests.BasicAuthenticationExtensionsTests.AddBasicAuthentication_VerifyAuthenticationSchemeOnFuncOverloadIsOverriden" time="0.004" /><testcase classname="Cumulocity.AspNetCore.Authentication.Basic.Tests.BasicAuthenticationExtensionsTests" name="Cumulocity.AspNetCore.Authentication.Basic.Tests.BasicAuthenticationExtensionsTests.AddBasicAuthentication_VerifyDefaultValuesOnSecondGenericOverload" time="0.001" /><testcase classname="Cumulocity.AspNetCore.Authentication.Basic.Tests.BasicAuthenticationExtensionsTests" name="Cumulocity.AspNetCore.Authentication.Basic.Tests.BasicAuthenticationExtensionsTests.AddBasicAuthentication_VerifyAuthenticationSchemeAndDisplayNameOnFuncOverloadAreOverriden" time="0.002" /><testcase classname="Cumulocity.AspNetCore.Authentication.Basic.Tests.BasicAuthenticationExtensionsTests" name="Cumulocity.AspNetCore.Authentication.Basic.Tests.BasicAuthenticationExtensionsTests.AddBasicAuthentication_VerifyDefaultValuesOnSecondFuncOverload" time="0.001" /><testcase classname="Cumulocity.AspNetCore.Authentication.Basic.Tests.BasicAuthenticationExtensionsTests" name="Cumulocity.AspNetCore.Authentication.Basic.Tests.BasicAuthenticationExtensionsTests.AddBasicAuthentication_VerifyDefaultValuesOnFirstFuncOverload" time="0.002" /><testcase classname="Cumulocity.AspNetCore.Authentication.Basic.Tests.BasicAuthenticationExtensionsTests" name="Cumulocity.AspNetCore.Authentication.Basic.Tests.BasicAuthenticationExtensionsTests.AddBasicAuthentication_VerifyAuthenticationSchemeOnGenericOverloadIsOverriden" time="0.001" /><testcase classname="Cumulocity.AspNetCore.Authentication.Basic.Tests.BasicAuthenticationHandlerTests" name="Cumulocity.AspNetCore.Authentication.Basic.Tests.BasicAuthenticationHandlerTests.NoAuthorizeOnRequestReturnsChallenge(expectedRealm: &quot;AnotherRealm&quot;)" time="0.473" /><testcase classname="Cumulocity.AspNetCore.Authentication.Basic.Tests.BasicAuthenticationHandlerTests" name="Cumulocity.AspNetCore.Authentication.Basic.Tests.BasicAuthenticationHandlerTests.NoAuthorizeOnRequestReturnsChallenge(expectedRealm: &quot;&quot;)" time="0.006" /><testcase classname="Cumulocity.AspNetCore.Authentication.Basic.Tests.BasicAuthenticationHandlerTests" name="Cumulocity.AspNetCore.Authentication.Basic.Tests.BasicAuthenticationHandlerTests.NoAuthorizeOnRequestReturnsChallenge(expectedRealm: &quot;SomeRealm&quot;)" time="0.003" /><testcase classname="Cumulocity.AspNetCore.Authentication.Basic.Tests.BasicAuthenticationHandlerTests" name="Cumulocity.AspNetCore.Authentication.Basic.Tests.BasicAuthenticationHandlerTests.NoAuthorizeOnRequestReturnsChallenge(expectedRealm: null)" time="0.004" /><testcase classname="Cumulocity.AspNetCore.Authentication.Basic.Tests.BasicAuthenticationHandlerTests" name="Cumulocity.AspNetCore.Authentication.Basic.Tests.BasicAuthenticationHandlerTests.ValidCredentialsAuthorize" time="0.433"><failure message="Assert.Equal() Failure&#xA;Expected: OK&#xA;Actual:   Unauthorized">   at Cumulocity.AspNetCore.Authentication.Basic.Tests.BasicAuthenticationHandlerTests.&lt;ValidCredentialsAuthorize&gt;d__2.MoveNext() in /mnt/c/Users/pnow/Documents/Hg/ClientsCS/MicroservicesSDK/test/Cumulocity.AspNetCore.Authentication.Basic.Tests/BasicAuthenticationHandlerTests.cs:line 55
--- End of stack trace from previous location where exception was thrown ---
   at System.Runtime.ExceptionServices.ExceptionDispatchInfo.Throw()
   at System.Runtime.CompilerServices.TaskAwaiter.HandleNonSuccessAndDebuggerNotification(Task task)
--- End of stack trace from previous location where exception was thrown ---
   at System.Runtime.ExceptionServices.ExceptionDispatchInfo.Throw()
   at System.Runtime.CompilerServices.TaskAwaiter.HandleNonSuccessAndDebuggerNotification(Task task)
--- End of stack trace from previous location where exception was thrown ---
   at System.Runtime.ExceptionServices.ExceptionDispatchInfo.Throw()
   at System.Runtime.CompilerServices.TaskAwaiter.HandleNonSuccessAndDebuggerNotification(Task task)</failure></testcase><testcase classname="Cumulocity.AspNetCore.Authentication.Basic.Tests.BasicAuthenticationHandlerTests" name="Cumulocity.AspNetCore.Authentication.Basic.Tests.BasicAuthenticationHandlerTests.DefaultTestBedRejectsCredentials" time="0.009" /></testsuite></testsuites>