<?xml version="1.0" encoding="utf-8"?><testsuites xmlns:a="http://microsoft.com/schemas/VisualStudio/TeamTest/2006" xmlns:b="http://microsoft.com/schemas/VisualStudio/TeamTest/2010"><testsuite name="MSTestSuite" tests="26" time="0" failures="0" errors="0" skipped="1"><testcase classname="Cumulocity.MQTT.Test.ClientTest_Tcp" name="ClientTest_TcpConnection_Connect" time="0.011"><skipped message="Firewall" /></testcase><testcase classname="Cumulocity.MQTT.Test.ClientTest_Tls" name="ClientTest_TlsConnection_Connect" time="8.026" /><testcase classname="Cumulocity.MQTT.Test.ClientTest_Ws" name="ClientTest_WsConnection_Connect" time="5.239" /><testcase classname="Cumulocity.MQTT.Test.ClientTest_Ws_DeviceCredentials" name="ClientTest_WsConnection_UpdateDataAsync_Operation" time="5.298" /><testcase classname="Cumulocity.MQTT.Test.ClientTest_Ws_SmartREST" name="ClientTest_WsConnection_AddUpdateDataAsync_AlarmRequest" time="5.673" /><testcase classname="Cumulocity.MQTT.Test.ClientTest_Ws_SmartREST" name="ClientTest_WsConnection_AddUpdateDataAsync_ClearingAlarmRequest" time="5.343" /><testcase classname="Cumulocity.MQTT.Test.ClientTest_Ws_SmartREST" name="ClientTest_WsConnection_AddUpdateDataAsync_InventoryRequest" time="5.281" /><testcase classname="Cumulocity.MQTT.Test.ClientTest_Ws_SmartREST" name="ClientTest_WsConnection_AddUpdateDataAsync_OperationRequest" time="5.26" /><testcase classname="Cumulocity.MQTT.Test.ClientTest_Ws_SmartREST" name="ClientTest_WsConnection_CheckTemplateCollectionExists_CreateGetInventoryDataAsync" time="5.305" /><testcase classname="Cumulocity.MQTT.Test.ClientTest_Ws_SmartREST" name="ClientTest_WsConnection_CheckTemplateCollectionExists_Exist_IoTHub" time="5.312" /><testcase classname="Cumulocity.MQTT.Test.ClientTest_Ws_SmartREST" name="ClientTest_WsConnection_CheckTemplateCollectionExists_GetInventoryDataAsync" time="5.317" /><testcase classname="Cumulocity.MQTT.Test.ClientTest_Ws_SmartREST" name="ClientTest_WsConnection_CheckTemplateCollectionExists_NotExist_IoTHub" time="5.342" /><testcase classname="Cumulocity.MQTT.Test.ClientTest_Ws_SmartREST" name="ClientTest_WsConnection_CreatePostDataAsync_AlarmRequest" time="5.253" /><testcase classname="Cumulocity.MQTT.Test.ClientTest_Ws_SmartREST" name="ClientTest_WsConnection_CreatePostDataAsync_EventRequest" time="5.284" /><testcase classname="Cumulocity.MQTT.Test.ClientTest_Ws_SmartREST" name="ClientTest_WsConnection_CreatePostDataAsync_InventoryRequest" time="5.241" /><testcase classname="Cumulocity.MQTT.Test.ClientTest_Ws_SmartREST" name="ClientTest_WsConnection_CreatePostDataAsync_MeasurementRequest" time="5.249" /><testcase classname="Cumulocity.MQTT.Test.ClientTest_Ws_SmartREST" name="ClientTest_WsConnection_PostDataAsync_AddToInventory" time="5.342" /><testcase classname="Cumulocity.MQTT.Test.ClientTest_Ws_SmartREST" name="ClientTest_WsConnection_PostDataAsync_SendAlarm" time="5.334" /><testcase classname="Cumulocity.MQTT.Test.ClientTest_Ws_SmartREST" name="ClientTest_WsConnection_PostDataAsync_SendEvent" time="5.335" /><testcase classname="Cumulocity.MQTT.Test.ClientTest_Ws_SmartREST" name="ClientTest_WsConnection_PostDataAsync_SendMeasurement" time="5.289" /><testcase classname="Cumulocity.MQTT.Test.ClientTest_Ws_SmartREST" name="ClientTest_WsConnection_UpdateDataAsync_Alarm" time="5.29" /><testcase classname="Cumulocity.MQTT.Test.ClientTest_Ws_SmartREST" name="ClientTest_WsConnection_UpdateDataAsync_Inventory" time="5.324" /><testcase classname="Cumulocity.MQTT.Test.ClientTest_Ws_SmartREST" name="ClientTest_WsConnection_UpdateDataAsync_Operation" time="5.318" /><testcase classname="Cumulocity.MQTT.Test.ClientTest_Ws_SmartREST_FullMock" name="ClientTest_WsConnection_CheckTemplateCollectionExists_Exist_OnlyMock" time="0.122" /><testcase classname="Cumulocity.MQTT.Test.ClientTest_Ws_SmartREST_FullMock" name="ClientTest_WsConnection_CheckTemplateCollectionExists_NotExist_OnlyMock" time="0.009" /><testcase classname="Cumulocity.MQTT.Test.ClientTest_Ws_StaticTemplates_Alarm" name="ClientTest_WsConnection_ClearExistingAlarm" time="5.26" /></testsuite></testsuites>